[2016-04-18 03:42:46] START
[2016-04-19 23:56:55] EDIT todo/models/menu.py: 0
[2016-04-19 23:59:00] EDIT todo/models/menu.py: -106
[2016-04-19 23:59:49] EDIT todo/views/default/index.html: -29
[2016-04-20 00:00:16] EDIT todo/views/default/index.html: 0
[2016-04-20 00:01:55] EDIT todo/views/default/index.html: -29
[2016-04-20 00:02:28] EDIT todo/views/default/index.html: -1
[2016-04-20 00:32:16] CREATE db_todo.py: 0
[2016-04-20 00:35:52] EDIT todo/models/db_todo.py: 1
[2016-04-20 00:42:29] EDIT todo/models/db_todo.py: 0
[2016-04-20 00:46:46] EDIT todo/models/db_todo.py: 0
[2016-04-20 00:48:45] EDIT todo/controllers/default.py: -6
[2016-04-20 00:48:59] EDIT todo/controllers/default.py: 0
[2016-04-20 00:49:14] EDIT todo/controllers/default.py: 0
[2016-04-20 00:49:16] EDIT todo/controllers/default.py: 0
[2016-04-20 00:49:24] EDIT todo/controllers/default.py: 0
[2016-04-20 00:49:31] EDIT todo/controllers/default.py: 0
[2016-04-20 00:49:32] EDIT todo/controllers/default.py: 0
[2016-04-20 00:50:26] EDIT todo/controllers/default.py: 0
[2016-04-20 00:50:30] EDIT todo/controllers/default.py: 0
[2016-04-20 00:50:31] EDIT todo/controllers/default.py: 0
[2016-04-20 00:51:08] EDIT todo/controllers/default.py: 0
[2016-04-20 00:51:09] EDIT todo/controllers/default.py: 0
[2016-04-20 00:51:15] EDIT todo/controllers/default.py: 0
[2016-04-20 00:51:38] EDIT todo/views/default/index.html: 0
[2016-04-20 01:10:21] EDIT todo/models/db_todo.py: 2
[2016-04-20 01:10:32] EDIT todo/models/db_todo.py: 0
[2016-04-20 01:21:23] EDIT todo/models/db_todo.py: 0
[2016-04-20 01:33:18] EDIT todo/models/db_todo.py: 0
[2016-04-20 01:51:07] EDIT todo/controllers/default.py: 0
[2016-04-20 01:51:09] EDIT todo/controllers/default.py: 0
[2016-04-20 01:51:22] EDIT todo/controllers/default.py: 0
[2016-04-20 01:51:28] EDIT todo/controllers/default.py: 0
[2016-04-20 02:04:12] EDIT todo/views/default/index.html: 1
[2016-04-20 02:04:32] EDIT todo/views/default/index.html: 0
[2016-04-20 02:04:44] EDIT todo/views/default/index.html: -1
[2016-04-20 02:14:13] EDIT todo/controllers/default.py: 1
[2016-04-20 02:14:18] EDIT todo/controllers/default.py: 0
[2016-04-20 02:34:03] EDIT todo/models/db_todo.py: 0
[2016-04-20 02:35:28] EDIT todo/models/db_todo.py: 1
[2016-04-20 02:35:38] EDIT todo/models/db_todo.py: 0
[2016-04-20 02:36:59] EDIT todo/models/db_todo.py: 0
[2016-04-20 02:38:57] EDIT todo/models/db_todo.py: 0
[2016-04-20 02:49:14] EDIT todo/models/db_todo.py: 0
[2016-04-20 02:56:15] EDIT todo/views/default/index.html: 1
[2016-04-20 02:57:59] EDIT todo/models/db_todo.py: 0
[2016-04-20 02:59:42] EDIT todo/views/default/index.html: 0
[2016-04-20 03:04:41] EDIT todo/views/default/index.html: 0
[2016-04-20 03:04:53] EDIT todo/views/default/index.html: 0
[2016-04-20 03:07:43] EDIT todo/views/default/index.html: 0
[2016-04-20 03:56:01] EDIT todo/models/db_todo.py: 5
[2016-04-20 04:03:52] EDIT todo/views/default/index.html: -1
[2016-04-20 04:04:21] EDIT todo/views/default/index.html: 0
[2016-04-20 04:09:00] EDIT todo/views/default/index.html: 0
[2016-04-20 04:09:02] EDIT todo/views/default/index.html: 0
[2016-04-20 04:10:47] EDIT todo/views/default/index.html: 0
[2016-04-20 04:11:06] EDIT todo/views/default/index.html: 1
[2016-04-20 04:11:28] EDIT todo/views/default/index.html: 0
[2016-04-20 04:27:50] EDIT todo/controllers/default.py: 3
[2016-04-20 04:27:52] EDIT todo/controllers/default.py: 0
[2016-04-20 04:28:53] EDIT todo/controllers/default.py: 0
[2016-04-20 04:29:31] EDIT todo/controllers/default.py: -2
[2016-04-20 04:30:29] EDIT todo/controllers/default.py: 2
[2016-04-20 04:30:39] EDIT todo/controllers/default.py: 0
[2016-04-20 04:30:47] EDIT todo/controllers/default.py: 0
[2016-04-20 04:31:30] EDIT todo/controllers/default.py: 0
[2016-04-20 04:31:44] EDIT todo/controllers/default.py: 0
[2016-04-20 15:58:54] EDIT todo/models/db_todo.py: 0
[2016-04-20 15:58:57] EDIT todo/models/db_todo.py: 0
[2016-04-20 15:59:00] EDIT todo/models/db_todo.py: 0
[2016-04-20 15:59:10] EDIT todo/models/db_todo.py: 0
[2016-04-20 15:59:11] EDIT todo/models/db_todo.py: 0
[2016-04-20 16:01:10] EDIT todo/models/db_todo.py: 0
[2016-04-20 16:01:11] EDIT todo/models/db_todo.py: 0
[2016-04-20 16:01:20] EDIT todo/models/db_todo.py: 0
[2016-04-20 16:01:22] EDIT todo/models/db_todo.py: 0
[2016-04-20 16:01:36] EDIT todo/models/db_todo.py: 0
[2016-04-20 16:01:57] EDIT todo/models/db_todo.py: 0
[2016-04-20 16:01:58] EDIT todo/models/db_todo.py: 0
[2016-04-20 16:02:03] EDIT todo/models/db_todo.py: 0
[2016-04-20 16:03:04] EDIT todo/models/db_todo.py: 0
[2016-04-20 16:03:05] EDIT todo/models/db_todo.py: 0
[2016-04-20 16:03:05] EDIT todo/models/db_todo.py: 0
[2016-04-20 16:03:06] EDIT todo/models/db_todo.py: 0
[2016-04-20 16:03:13] EDIT todo/models/db_todo.py: 0
[2016-04-20 16:03:20] EDIT todo/models/db_todo.py: 0
[2016-04-20 16:03:21] EDIT todo/models/db_todo.py: 0
[2016-04-20 16:03:22] EDIT todo/models/db_todo.py: 0
[2016-04-20 16:03:22] EDIT todo/models/db_todo.py: 0
[2016-04-20 16:03:23] EDIT todo/models/db_todo.py: 0
[2016-04-20 16:03:25] EDIT todo/models/db_todo.py: 0
[2016-04-20 16:07:00] EDIT todo/models/db_todo.py: 0
[2016-04-20 16:07:10] EDIT todo/models/db_todo.py: 0
[2016-04-20 16:07:41] EDIT todo/models/db_todo.py: 0
[2016-04-20 16:07:41] EDIT todo/models/db_todo.py: 0
[2016-04-20 16:07:43] EDIT todo/models/db_todo.py: 0
[2016-04-20 16:09:06] EDIT todo/models/db_todo.py: 0
[2016-04-20 16:10:14] EDIT todo/models/db_todo.py: 0
[2016-04-20 16:10:31] EDIT todo/models/db_todo.py: 0
[2016-04-20 16:10:32] EDIT todo/models/db_todo.py: 0
[2016-04-20 16:10:34] EDIT todo/models/db_todo.py: 0
[2016-04-20 16:10:35] EDIT todo/models/db_todo.py: 0
[2016-04-20 16:10:37] EDIT todo/models/db_todo.py: 0
[2016-04-20 16:10:38] EDIT todo/models/db_todo.py: 0
[2016-04-20 16:10:43] EDIT todo/models/db_todo.py: 0
[2016-04-27 01:24:27] EDIT todo/controllers/default.py: 1
[2016-04-27 01:24:40] EDIT todo/controllers/default.py: 0
[2016-04-27 01:25:56] EDIT todo/controllers/default.py: 0
[2016-04-27 01:26:07] EDIT todo/controllers/default.py: 0
[2016-04-27 01:26:15] EDIT todo/controllers/default.py: 0
[2016-04-27 01:26:27] EDIT todo/controllers/default.py: 0
[2016-04-27 01:26:30] EDIT todo/controllers/default.py: 1
[2016-04-27 01:26:40] EDIT todo/controllers/default.py: 1
[2016-04-27 01:26:44] EDIT todo/controllers/default.py: -1
[2016-04-27 01:26:57] EDIT todo/controllers/default.py: 0
[2016-04-27 01:27:06] EDIT todo/controllers/default.py: 0
[2016-04-27 01:27:29] EDIT todo/controllers/default.py: -1
[2016-04-27 01:27:30] EDIT todo/controllers/default.py: 0
[2016-04-27 01:48:14] EDIT todo/controllers/default.py: 1
[2016-04-27 01:48:29] EDIT todo/controllers/default.py: 1
[2016-04-27 01:49:04] EDIT todo/controllers/default.py: -3
