[2016-05-18 23:48:49] START
[2016-05-18 23:50:40] CREATE db_transaction.py: 0
[2016-05-18 23:50:48] CREATE db_account.py: 0
[2016-05-18 23:51:09] EDIT accounting/models/db_account.py: 3
[2016-05-18 23:51:37] EDIT accounting/models/db_transaction.py: 6
[2016-05-18 23:52:00] EDIT accounting/controllers/default.py: 15
[2016-05-18 23:52:17] CREATE default/accounts.html: 0
[2016-05-18 23:52:34] CREATE default/create_account.html: 0
[2016-05-18 23:52:48] CREATE default/create_transaction.html: 0
[2016-05-18 23:53:37] EDIT accounting/views/default/accounts.html: 9
[2016-05-18 23:53:50] EDIT accounting/views/default/create_transaction.html: -1
[2016-05-18 23:53:56] EDIT accounting/views/default/create_account.html: -1
[2016-05-19 00:00:42] EDIT accounting/views/default/accounts.html: 0
[2016-05-19 00:00:46] EDIT accounting/views/default/accounts.html: -1
[2016-05-19 00:01:10] EDIT accounting/views/default/accounts.html: 1
[2016-05-19 00:01:32] EDIT accounting/views/default/accounts.html: 1
[2016-05-19 00:01:33] EDIT accounting/views/default/accounts.html: 0
[2016-05-19 00:01:34] EDIT accounting/views/default/accounts.html: 0
[2016-05-19 01:25:18] EDIT accounting/models/db_transaction.py: 0
[2016-05-19 01:25:24] EDIT accounting/models/db_transaction.py: 0
[2016-05-19 01:26:03] EDIT accounting/models/db_transaction.py: 0
[2016-05-19 01:32:14] EDIT accounting/models/db_transaction.py: 0
[2016-05-19 01:42:17] EDIT accounting/controllers/default.py: 3
[2016-05-19 01:42:47] EDIT accounting/controllers/default.py: 0
[2016-05-19 01:44:17] EDIT accounting/controllers/default.py: 0
[2016-05-19 01:45:10] EDIT accounting/controllers/default.py: 0
[2016-05-19 01:46:20] EDIT accounting/controllers/default.py: 0
[2016-05-19 01:48:34] EDIT accounting/controllers/default.py: 0
[2016-05-19 01:49:20] CREATE default/account.html: 0
[2016-05-20 18:38:54] EDIT accounting/controllers/default.py: 0
[2016-05-20 18:51:51] EDIT accounting/controllers/default.py: 0
[2016-05-20 18:51:56] EDIT accounting/controllers/default.py: 0
[2016-05-20 18:52:21] EDIT accounting/controllers/default.py: 0
[2016-05-20 18:55:20] EDIT accounting/controllers/default.py: 2
[2016-05-20 18:55:28] EDIT accounting/controllers/default.py: 0
[2016-05-20 18:55:30] EDIT accounting/controllers/default.py: 0
[2016-05-20 18:57:35] EDIT accounting/controllers/default.py: 0
[2016-05-20 18:57:36] EDIT accounting/controllers/default.py: 0
[2016-05-20 18:57:39] EDIT accounting/controllers/default.py: 0
[2016-05-20 18:57:40] EDIT accounting/controllers/default.py: 0
[2016-05-20 18:57:41] EDIT accounting/controllers/default.py: 0
[2016-05-20 18:57:42] EDIT accounting/controllers/default.py: 0
[2016-05-20 18:57:49] EDIT accounting/controllers/default.py: 0
[2016-05-20 18:58:08] EDIT accounting/controllers/default.py: -2
[2016-05-20 19:10:27] EDIT accounting/controllers/default.py: 2
[2016-05-20 19:11:55] EDIT accounting/controllers/default.py: 2
[2016-05-20 19:21:46] EDIT accounting/controllers/default.py: 0
[2016-05-20 19:21:47] EDIT accounting/controllers/default.py: 0
[2016-05-20 19:22:04] EDIT accounting/controllers/default.py: 0
[2016-05-20 19:22:11] EDIT accounting/controllers/default.py: 0
[2016-05-20 19:22:11] EDIT accounting/controllers/default.py: 0
[2016-05-20 19:22:52] EDIT accounting/controllers/default.py: 1
[2016-05-20 19:22:53] EDIT accounting/controllers/default.py: 0
[2016-05-20 19:32:37] EDIT accounting/controllers/default.py: 0
[2016-05-20 19:58:15] EDIT accounting/controllers/default.py: 0
[2016-05-20 20:00:13] EDIT accounting/controllers/default.py: 0
[2016-05-20 20:16:25] EDIT accounting/views/default/accounts.html: 4
[2016-05-20 20:16:53] EDIT accounting/views/default/accounts.html: 2
[2016-05-20 20:17:11] EDIT accounting/views/default/accounts.html: 0
[2016-05-20 20:17:42] EDIT accounting/views/default/accounts.html: 0
[2016-05-20 20:29:27] EDIT accounting/controllers/default.py: 0
[2016-05-20 20:30:08] EDIT accounting/models/db_transaction.py: 0
[2016-05-20 20:30:24] EDIT accounting/models/db_transaction.py: 0
[2016-05-20 20:39:26] EDIT accounting/controllers/default.py: 0
[2016-05-20 20:42:12] EDIT accounting/controllers/default.py: 0
[2016-05-20 20:43:14] EDIT accounting/controllers/default.py: 0
[2016-05-20 20:43:45] EDIT accounting/controllers/default.py: 0
[2016-05-20 20:43:53] EDIT accounting/controllers/default.py: 0
[2016-05-20 20:44:10] EDIT accounting/controllers/default.py: 0
[2016-05-20 20:44:15] EDIT accounting/controllers/default.py: 0
[2016-05-20 20:44:21] EDIT accounting/controllers/default.py: 0
[2016-05-20 20:44:33] EDIT accounting/controllers/default.py: 0
[2016-05-20 20:45:35] EDIT accounting/controllers/default.py: 0
[2016-05-20 20:45:48] EDIT accounting/controllers/default.py: 0
[2016-05-20 20:45:53] EDIT accounting/controllers/default.py: 0
[2016-05-20 20:45:54] EDIT accounting/controllers/default.py: 0
[2016-05-20 20:46:44] EDIT accounting/controllers/default.py: 0
[2016-05-20 20:46:51] EDIT accounting/controllers/default.py: 0
[2016-05-20 20:46:56] EDIT accounting/controllers/default.py: 0
[2016-05-20 20:47:16] EDIT accounting/controllers/default.py: 0
[2016-05-20 20:48:28] EDIT accounting/controllers/default.py: 1
[2016-05-20 20:48:42] EDIT accounting/controllers/default.py: 1
[2016-05-20 20:48:45] EDIT accounting/controllers/default.py: 0
[2016-05-20 20:55:40] EDIT accounting/controllers/default.py: 0
[2016-05-20 20:56:37] EDIT accounting/controllers/default.py: 0
[2016-05-20 21:13:05] EDIT accounting/models/db_transaction.py: 0
[2016-05-20 21:13:06] EDIT accounting/models/db_transaction.py: 0
[2016-05-20 21:13:30] EDIT accounting/models/db_transaction.py: 0
[2016-05-20 22:15:46] EDIT accounting/views/default/account.html: 16
[2016-05-20 22:15:58] EDIT accounting/views/default/account.html: 0
[2016-05-20 22:17:58] EDIT accounting/views/default/account.html: 1
[2016-05-20 22:18:07] EDIT accounting/views/default/account.html: 1
[2016-05-20 22:18:27] EDIT accounting/controllers/default.py: 0
[2016-05-20 22:18:38] EDIT accounting/controllers/default.py: 0
[2016-05-20 22:19:09] EDIT accounting/controllers/default.py: 0
[2016-05-20 22:24:14] EDIT accounting/controllers/default.py: 2
[2016-05-20 22:24:23] EDIT accounting/controllers/default.py: 0
[2016-05-20 22:26:30] EDIT accounting/controllers/default.py: 1
[2016-05-20 22:26:47] EDIT accounting/controllers/default.py: 0
[2016-05-20 22:26:50] EDIT accounting/controllers/default.py: 0
[2016-05-20 22:26:51] EDIT accounting/controllers/default.py: 0
[2016-05-20 22:26:52] EDIT accounting/controllers/default.py: 0
[2016-05-20 22:27:20] EDIT accounting/controllers/default.py: 0
[2016-05-20 22:27:38] EDIT accounting/controllers/default.py: 0
[2016-05-20 22:28:12] EDIT accounting/controllers/default.py: 0
[2016-05-20 22:28:25] EDIT accounting/controllers/default.py: 0
[2016-05-20 22:28:56] EDIT accounting/controllers/default.py: 0
[2016-05-20 22:29:13] EDIT accounting/controllers/default.py: 0
[2016-05-20 22:29:14] EDIT accounting/controllers/default.py: 0
[2016-05-20 22:29:19] EDIT accounting/controllers/default.py: 0
[2016-05-20 22:29:24] EDIT accounting/controllers/default.py: 0
[2016-05-20 22:29:25] EDIT accounting/controllers/default.py: 0
[2016-05-20 22:29:26] EDIT accounting/controllers/default.py: 0
[2016-05-20 22:30:08] EDIT accounting/views/default/account.html: 0
[2016-05-20 22:30:09] EDIT accounting/views/default/account.html: 0
[2016-05-20 22:30:12] EDIT accounting/views/default/account.html: 0
[2016-05-20 22:30:13] EDIT accounting/views/default/account.html: 0
[2016-05-20 22:30:14] EDIT accounting/views/default/account.html: 0
[2016-05-20 22:30:16] EDIT accounting/views/default/account.html: 0
[2016-05-20 22:32:34] EDIT accounting/views/default/account.html: 0
[2016-05-20 22:33:03] EDIT accounting/controllers/default.py: 0
[2016-05-20 22:33:53] EDIT accounting/controllers/default.py: -1
[2016-05-20 22:34:16] EDIT accounting/controllers/default.py: 0
[2016-05-20 22:34:17] EDIT accounting/controllers/default.py: 0
[2016-05-20 22:34:39] EDIT accounting/controllers/default.py: 0
[2016-05-20 22:34:40] EDIT accounting/controllers/default.py: 0
[2016-05-20 22:35:17] EDIT accounting/views/default/account.html: 0
[2016-05-20 22:36:12] EDIT accounting/views/default/account.html: 0
[2016-05-20 22:36:21] EDIT accounting/views/default/account.html: 0
[2016-05-20 22:36:25] EDIT accounting/views/default/account.html: 0
[2016-05-20 22:36:44] EDIT accounting/views/default/account.html: 0
[2016-05-20 22:39:22] EDIT accounting/controllers/default.py: 0
[2016-05-20 22:39:23] EDIT accounting/controllers/default.py: 0
[2016-05-20 22:39:25] EDIT accounting/controllers/default.py: 0
[2016-05-20 22:39:26] EDIT accounting/controllers/default.py: 0
[2016-05-20 22:39:29] EDIT accounting/controllers/default.py: 0
[2016-05-20 22:39:31] EDIT accounting/controllers/default.py: 0
[2016-05-20 22:39:34] EDIT accounting/controllers/default.py: 0
[2016-05-20 22:40:19] EDIT accounting/controllers/default.py: 0
[2016-05-20 22:40:40] EDIT accounting/controllers/default.py: 0
[2016-05-20 22:40:54] EDIT accounting/controllers/default.py: 0
[2016-05-20 22:40:57] EDIT accounting/controllers/default.py: 0
[2016-05-20 22:41:17] EDIT accounting/controllers/default.py: 0
[2016-05-20 22:41:22] EDIT accounting/controllers/default.py: 0
[2016-05-20 22:42:11] EDIT accounting/controllers/default.py: 0
[2016-05-20 22:42:12] EDIT accounting/controllers/default.py: 0
[2016-05-20 22:42:15] EDIT accounting/controllers/default.py: 0
[2016-05-20 22:42:20] EDIT accounting/controllers/default.py: 0
[2016-05-20 22:42:34] EDIT accounting/controllers/default.py: 0
[2016-05-20 22:42:51] EDIT accounting/controllers/default.py: 0
[2016-05-20 22:43:22] EDIT accounting/controllers/default.py: 0
[2016-05-20 22:43:49] EDIT accounting/views/default/account.html: 0
[2016-05-20 22:43:51] EDIT accounting/views/default/account.html: 0
[2016-05-20 22:45:14] EDIT accounting/controllers/default.py: 0
[2016-05-20 22:45:16] EDIT accounting/controllers/default.py: 0
[2016-05-20 22:45:18] EDIT accounting/controllers/default.py: 0
[2016-05-20 22:45:31] EDIT accounting/views/default/account.html: 0
[2016-05-20 22:46:32] EDIT accounting/controllers/default.py: 0
[2016-05-20 22:46:33] EDIT accounting/controllers/default.py: 0
[2016-05-20 22:46:39] EDIT accounting/controllers/default.py: 0
[2016-05-20 22:47:29] EDIT accounting/controllers/default.py: 0
[2016-05-20 22:47:44] EDIT accounting/views/default/account.html: 0
[2016-05-20 22:47:50] EDIT accounting/views/default/account.html: 0
[2016-05-20 22:47:51] EDIT accounting/views/default/account.html: 0
[2016-05-20 22:47:53] EDIT accounting/views/default/account.html: 0
[2016-05-20 22:47:58] EDIT accounting/views/default/account.html: 0
[2016-05-20 22:49:43] EDIT accounting/views/default/account.html: 0
[2016-05-20 22:50:47] EDIT accounting/controllers/default.py: 0
[2016-05-20 22:50:48] EDIT accounting/controllers/default.py: 0
[2016-05-20 22:50:49] EDIT accounting/controllers/default.py: 0
[2016-05-20 22:51:19] EDIT accounting/controllers/default.py: 0
[2016-05-20 22:51:20] EDIT accounting/controllers/default.py: 0
