timestamp: 2016-04-18T03:42:59.486608
CREATE TABLE auth_user(
    id INTEGER PRIMARY KEY AUTOINCREMENT,
    first_name CHAR(128),
    last_name CHAR(128),
    email CHAR(512),
    password CHAR(512),
    registration_key CHAR(512),
    reset_password_key CHAR(512),
    registration_id CHAR(512)
);
success!
timestamp: 2016-04-18T03:42:59.528078
CREATE TABLE auth_group(
    id INTEGER PRIMARY KEY AUTOINCREMENT,
    role CHAR(512),
    description TEXT
);
success!
timestamp: 2016-04-18T03:42:59.576930
CREATE TABLE auth_membership(
    id INTEGER PRIMARY KEY AUTOINCREMENT,
    user_id INTEGER REFERENCES auth_user (id) ON DELETE CASCADE  ,
    group_id INTEGER REFERENCES auth_group (id) ON DELETE CASCADE  
);
success!
timestamp: 2016-04-18T03:42:59.624626
CREATE TABLE auth_permission(
    id INTEGER PRIMARY KEY AUTOINCREMENT,
    group_id INTEGER REFERENCES auth_group (id) ON DELETE CASCADE  ,
    name CHAR(512),
    table_name CHAR(512),
    record_id INTEGER
);
success!
timestamp: 2016-04-18T03:42:59.674976
CREATE TABLE auth_event(
    id INTEGER PRIMARY KEY AUTOINCREMENT,
    time_stamp TIMESTAMP,
    client_ip CHAR(512),
    user_id INTEGER REFERENCES auth_user (id) ON DELETE CASCADE  ,
    origin CHAR(512),
    description TEXT
);
success!
timestamp: 2016-04-18T03:42:59.720278
CREATE TABLE auth_cas(
    id INTEGER PRIMARY KEY AUTOINCREMENT,
    user_id INTEGER REFERENCES auth_user (id) ON DELETE CASCADE  ,
    created_on TIMESTAMP,
    service CHAR(512),
    ticket CHAR(512),
    renew CHAR(1)
);
success!
timestamp: 2016-04-20T00:46:49.543181
CREATE TABLE todo_items(
    id INTEGER PRIMARY KEY AUTOINCREMENT,
    description CHAR(512)
);
success!
timestamp: 2016-04-20T01:10:39.853412
ALTER TABLE todo_items ADD deadline CHAR(512);
success!
timestamp: 2016-04-20T02:34:50.194038
ALTER TABLE todo_items ADD modified_by INTEGER REFERENCES auth_user (id) ON DELETE CASCADE  ;
timestamp: 2016-04-20T02:34:50.246983
ALTER TABLE todo_items ADD is_active CHAR(1);
timestamp: 2016-04-20T02:34:50.277455
ALTER TABLE todo_items ADD created_by INTEGER REFERENCES auth_user (id) ON DELETE CASCADE  ;
timestamp: 2016-04-20T02:34:50.311421
ALTER TABLE todo_items ADD created_on TIMESTAMP;
timestamp: 2016-04-20T02:34:50.349930
ALTER TABLE todo_items ADD modified_on TIMESTAMP;
success!
success!
